<?xml version="1.0" encoding="UTF-8"?>
<!-- Generated by org.testng.reporters.JUnitReportReporter -->
<testsuite hostname="DESKTOP-G4PK516" failures="0" tests="1" name="day3.PathAndQueryParameters" time="1.103" errors="0" timestamp="2023-04-08T11:54:10 TRT" skipped="0">
  <testcase classname="day3.PathAndQueryParameters" name="testQueryAndPathParameters" time="1.103"/>
  <system-out/>
</testsuite> <!-- day3.PathAndQueryParameters -->
