<?xml version="1.0" encoding="UTF-8"?>
<!-- Generated by org.testng.reporters.JUnitReportReporter -->
<testsuite hostname="DESKTOP-G4PK516" failures="0" tests="1" name="day7.FakerDataGenerator" time="0.181" errors="0" timestamp="2023-04-10T18:21:30 TRT" skipped="0">
  <testcase classname="day7.FakerDataGenerator" name="testGenerateDummyData" time="0.181"/>
  <system-out/>
</testsuite> <!-- day7.FakerDataGenerator -->
