<?xml version="1.0" encoding="UTF-8"?>
<!-- Generated by org.testng.reporters.JUnitReportReporter -->
<testsuite hostname="DESKTOP-G4PK516" failures="0" tests="6" name="day7.Authentications" time="6.102" errors="0" timestamp="2023-04-10T16:09:53 TRT" skipped="0">
  <testcase classname="day7.Authentications" name="testBasicAuthentication" time="2.137"/>
  <system-out/>
  <testcase classname="day7.Authentications" name="testDigestAuthentication" time="0.901"/>
  <system-out/>
  <testcase classname="day7.Authentications" name="testPreemptiveAuthentication" time="0.764"/>
  <system-out/>
  <testcase classname="day7.Authentications" name="testBearerTokenAuthentication" time="0.421"/>
  <system-out/>
  <testcase classname="day7.Authentications" name="testOauth2Authentication" time="1.133"/>
  <system-out/>
  <testcase classname="day7.Authentications" name="testAPIKeyAuthentication" time="0.746"/>
  <system-out/>
</testsuite> <!-- day7.Authentications -->
