<?xml version="1.0" encoding="UTF-8"?>
<!-- Generated by org.testng.reporters.JUnitReportReporter -->
<testsuite hostname="DESKTOP-G4PK516" failures="0" tests="1" name="day8.CreateUser" time="2.292" errors="0" timestamp="2023-04-10T22:38:26 TRT" skipped="0">
  <testcase classname="day8.CreateUser" name="test_createUser" time="2.292"/>
  <system-out/>
</testsuite> <!-- day8.CreateUser -->
