<?xml version="1.0" encoding="UTF-8"?>
<!-- Generated by org.testng.reporters.JUnitReportReporter -->
<testsuite hostname="DESKTOP-G4PK516" failures="0" tests="2" name="day6.SerializationDeserialization" time="0.165" errors="0" timestamp="2023-04-10T12:31:12 TRT" skipped="0">
  <testcase classname="day6.SerializationDeserialization" name="convertJson2Pojo" time="0.156"/>
  <system-out/>
  <testcase classname="day6.SerializationDeserialization" name="convertPojo2Json" time="0.009"/>
  <system-out/>
</testsuite> <!-- day6.SerializationDeserialization -->
