<?xml version="1.0" encoding="UTF-8"?>
<!-- Generated by org.testng.reporters.JUnitReportReporter -->
<testsuite hostname="DESKTOP-G4PK516" failures="0" tests="1" name="day3.LoggingDemo" time="1.116" errors="0" timestamp="2023-04-08T15:47:58 TRT" skipped="0">
  <testcase classname="day3.LoggingDemo" name="testLogs" time="1.116"/>
  <system-out/>
</testsuite> <!-- day3.LoggingDemo -->
