<?xml version="1.0" encoding="UTF-8"?>
<!-- Generated by org.testng.reporters.JUnitReportReporter -->
<testsuite hostname="DESKTOP-G4PK516" failures="0" tests="2" name="day2.DiffWaysToCreatePostRequestBody" time="1.252" errors="0" timestamp="2023-04-07T13:49:19 TRT" skipped="0">
  <testcase classname="day2.DiffWaysToCreatePostRequestBody" name="testPostusingExternalJsonFile" time="1.229"/>
  <system-out/>
  <testcase classname="day2.DiffWaysToCreatePostRequestBody" name="testDelete" time="0.023"/>
  <system-out/>
</testsuite> <!-- day2.DiffWaysToCreatePostRequestBody -->
