<?xml version="1.0" encoding="UTF-8"?>
<!-- Generated by org.testng.reporters.JUnitReportReporter -->
<testsuite hostname="DESKTOP-G4PK516" failures="0" tests="1" name="day6.JSONSchemaValidation" time="1.178" errors="0" timestamp="2023-04-10T11:18:17 TRT" skipped="0">
  <testcase classname="day6.JSONSchemaValidation" name="jsonschemavalidation" time="1.178"/>
  <system-out/>
</testsuite> <!-- day6.JSONSchemaValidation -->
