<?xml version="1.0" encoding="UTF-8"?>
<!-- Generated by org.testng.reporters.JUnitReportReporter -->
<testsuite hostname="DESKTOP-G4PK516" failures="0" tests="4" name="day1.HTTPRequests" time="2.324" errors="0" timestamp="2023-04-09T22:47:02 TRT" skipped="0">
  <testcase classname="day1.HTTPRequests" name="getUser" time="1.496"/>
  <system-out/>
  <testcase classname="day1.HTTPRequests" name="createUser" time="0.300"/>
  <system-out/>
  <testcase classname="day1.HTTPRequests" name="updateUser" time="0.263"/>
  <system-out/>
  <testcase classname="day1.HTTPRequests" name="deleteUser" time="0.265"/>
  <system-out/>
</testsuite> <!-- day1.HTTPRequests -->
