<?xml version="1.0" encoding="UTF-8"?>
<!-- Generated by org.testng.reporters.JUnitReportReporter -->
<testsuite hostname="DESKTOP-G4PK516" failures="1" tests="2" name="day3.HeadersDemo" time="1.862" errors="0" timestamp="2023-04-08T15:26:34 TRT" skipped="0">
  <testcase classname="day3.HeadersDemo" name="testHeaders" time="1.381">
    <failure message="1 expectation failed.
Expected header &quot;Content-Encoding&quot; was not &quot;gzip&quot;, was &quot;null&quot;. Headers are:
Date=Sat, 08 Apr 2023 12:26:30 GMT
Expires=-1
Cache-Control=private, max-age=0
Content-Type=text/html; charset=ISO-8859-1
Content-Security-Policy-Report-Only=object-src &#039;none&#039;;base-uri &#039;self&#039;;script-src &#039;nonce-dT0w7qYtLE46E4--tRuJmw&#039; &#039;strict-dynamic&#039; &#039;report-sample&#039; &#039;unsafe-eval&#039; &#039;unsafe-inline&#039; https: http:;report-uri https://csp.withgoogle.com/csp/gws/other-hp
P3P=CP=&quot;This is not a P3P policy! See g.co/p3phelp for more info.&quot;
Server=gws
X-XSS-Protection=0
X-Frame-Options=SAMEORIGIN
Set-Cookie=1P_JAR=2023-04-08-12; expires=Mon, 08-May-2023 12:26:30 GMT; path=/; domain=.google.com; Secure
Set-Cookie=AEC=AUEFqZcJscTzisE7QozNt2HLq4ugG4Hx1NUuu43w8yddFj-7oElwkY_5oQ; expires=Thu, 05-Oct-2023 12:26:30 GMT; path=/; domain=.google.com; Secure; HttpOnly; SameSite=lax
Set-Cookie=NID=511=njRd0-dunoCteTqiK5Sc1jEpOiFI2zP65aNOROlbXXdPjZgcHChFHuyrH86Udh84VLRt6Jde0bAqtkeHUZQVhMAWZ58lWreTiUQevf8fbeMBm0qRAY1SrmUQ926UW_uoE4npM2kGMCFD2pb5uEvkfWS2nSwj5-FMY5lIUqAV0fY; expires=Sun, 08-Oct-2023 12:26:30 GMT; path=/; domain=.google.com; HttpOnly
Alt-Svc=h3=&quot;:443&quot;; ma=2592000,h3-29=&quot;:443&quot;; ma=2592000
Accept-Ranges=none
Vary=Accept-Encoding
Transfer-Encoding=chunked
" type="java.lang.AssertionError">
      <![CDATA[java.lang.AssertionError: 1 expectation failed.
Expected header "Content-Encoding" was not "gzip", was "null". Headers are:
Date=Sat, 08 Apr 2023 12:26:30 GMT
Expires=-1
Cache-Control=private, max-age=0
Content-Type=text/html; charset=ISO-8859-1
Content-Security-Policy-Report-Only=object-src 'none';base-uri 'self';script-src 'nonce-dT0w7qYtLE46E4--tRuJmw' 'strict-dynamic' 'report-sample' 'unsafe-eval' 'unsafe-inline' https: http:;report-uri https://csp.withgoogle.com/csp/gws/other-hp
P3P=CP="This is not a P3P policy! See g.co/p3phelp for more info."
Server=gws
X-XSS-Protection=0
X-Frame-Options=SAMEORIGIN
Set-Cookie=1P_JAR=2023-04-08-12; expires=Mon, 08-May-2023 12:26:30 GMT; path=/; domain=.google.com; Secure
Set-Cookie=AEC=AUEFqZcJscTzisE7QozNt2HLq4ugG4Hx1NUuu43w8yddFj-7oElwkY_5oQ; expires=Thu, 05-Oct-2023 12:26:30 GMT; path=/; domain=.google.com; Secure; HttpOnly; SameSite=lax
Set-Cookie=NID=511=njRd0-dunoCteTqiK5Sc1jEpOiFI2zP65aNOROlbXXdPjZgcHChFHuyrH86Udh84VLRt6Jde0bAqtkeHUZQVhMAWZ58lWreTiUQevf8fbeMBm0qRAY1SrmUQ926UW_uoE4npM2kGMCFD2pb5uEvkfWS2nSwj5-FMY5lIUqAV0fY; expires=Sun, 08-Oct-2023 12:26:30 GMT; path=/; domain=.google.com; HttpOnly
Alt-Svc=h3=":443"; ma=2592000,h3-29=":443"; ma=2592000
Accept-Ranges=none
Vary=Accept-Encoding
Transfer-Encoding=chunked

at java.base/jdk.internal.reflect.NativeConstructorAccessorImpl.newInstance0(Native Method)
at java.base/jdk.internal.reflect.NativeConstructorAccessorImpl.newInstance(NativeConstructorAccessorImpl.java:77)
at java.base/jdk.internal.reflect.DelegatingConstructorAccessorImpl.newInstance(DelegatingConstructorAccessorImpl.java:45)
at java.base/java.lang.reflect.Constructor.newInstanceWithCaller(Constructor.java:499)
at java.base/java.lang.reflect.Constructor.newInstance(Constructor.java:480)
at org.codehaus.groovy.reflection.CachedConstructor.invoke(CachedConstructor.java:73)
at org.codehaus.groovy.runtime.callsite.ConstructorSite$ConstructorSiteNoUnwrapNoCoerce.callConstructor(ConstructorSite.java:108)
at org.codehaus.groovy.runtime.callsite.CallSiteArray.defaultCallConstructor(CallSiteArray.java:57)
at org.codehaus.groovy.runtime.callsite.AbstractCallSite.callConstructor(AbstractCallSite.java:263)
at org.codehaus.groovy.runtime.callsite.AbstractCallSite.callConstructor(AbstractCallSite.java:277)
at io.restassured.internal.ResponseSpecificationImpl$HamcrestAssertionClosure.validate(ResponseSpecificationImpl.groovy:512)
at io.restassured.internal.ResponseSpecificationImpl$HamcrestAssertionClosure$validate$1.call(Unknown Source)
at io.restassured.internal.ResponseSpecificationImpl.validateResponseIfRequired(ResponseSpecificationImpl.groovy:696)
at io.restassured.internal.ResponseSpecificationImpl.this$2$validateResponseIfRequired(ResponseSpecificationImpl.groovy)
at java.base/jdk.internal.reflect.NativeMethodAccessorImpl.invoke0(Native Method)
at java.base/jdk.internal.reflect.NativeMethodAccessorImpl.invoke(NativeMethodAccessorImpl.java:77)
at java.base/jdk.internal.reflect.DelegatingMethodAccessorImpl.invoke(DelegatingMethodAccessorImpl.java:43)
at java.base/java.lang.reflect.Method.invoke(Method.java:568)
at org.codehaus.groovy.runtime.callsite.PlainObjectMetaMethodSite.doInvoke(PlainObjectMetaMethodSite.java:43)
at org.codehaus.groovy.runtime.callsite.PogoMetaMethodSite$PogoCachedMethodSiteNoUnwrapNoCoerce.invoke(PogoMetaMethodSite.java:198)
at org.codehaus.groovy.runtime.callsite.PogoMetaMethodSite.callCurrent(PogoMetaMethodSite.java:62)
at org.codehaus.groovy.runtime.callsite.AbstractCallSite.callCurrent(AbstractCallSite.java:185)
at io.restassured.internal.ResponseSpecificationImpl.header(ResponseSpecificationImpl.groovy:191)
at io.restassured.specification.ResponseSpecification$header$0.callCurrent(Unknown Source)
at io.restassured.internal.ResponseSpecificationImpl.header(ResponseSpecificationImpl.groovy:198)
at io.restassured.internal.ValidatableResponseOptionsImpl.header(ValidatableResponseOptionsImpl.java:124)
at day3.HeadersDemo.testHeaders(HeadersDemo.java:23)
at java.base/jdk.internal.reflect.NativeMethodAccessorImpl.invoke0(Native Method)
at java.base/jdk.internal.reflect.NativeMethodAccessorImpl.invoke(NativeMethodAccessorImpl.java:77)
at java.base/jdk.internal.reflect.DelegatingMethodAccessorImpl.invoke(DelegatingMethodAccessorImpl.java:43)
at java.base/java.lang.reflect.Method.invoke(Method.java:568)
at org.testng.internal.MethodInvocationHelper.invokeMethod(MethodInvocationHelper.java:133)
at org.testng.internal.TestInvoker.invokeMethod(TestInvoker.java:598)
at org.testng.internal.TestInvoker.invokeTestMethod(TestInvoker.java:173)
at org.testng.internal.MethodRunner.runInSequence(MethodRunner.java:46)
at org.testng.internal.TestInvoker$MethodInvocationAgent.invoke(TestInvoker.java:824)
at org.testng.internal.TestInvoker.invokeTestMethods(TestInvoker.java:146)
at org.testng.internal.TestMethodWorker.invokeTestMethods(TestMethodWorker.java:146)
at org.testng.internal.TestMethodWorker.run(TestMethodWorker.java:128)
at java.base/java.util.ArrayList.forEach(ArrayList.java:1511)
at org.testng.TestRunner.privateRun(TestRunner.java:794)
at org.testng.TestRunner.run(TestRunner.java:596)
at org.testng.SuiteRunner.runTest(SuiteRunner.java:377)
at org.testng.SuiteRunner.runSequentially(SuiteRunner.java:371)
at org.testng.SuiteRunner.privateRun(SuiteRunner.java:332)
at org.testng.SuiteRunner.run(SuiteRunner.java:276)
at org.testng.SuiteRunnerWorker.runSuite(SuiteRunnerWorker.java:53)
at org.testng.SuiteRunnerWorker.run(SuiteRunnerWorker.java:96)
at org.testng.TestNG.runSuitesSequentially(TestNG.java:1212)
at org.testng.TestNG.runSuitesLocally(TestNG.java:1134)
at org.testng.TestNG.runSuites(TestNG.java:1063)
at org.testng.TestNG.run(TestNG.java:1031)
at org.testng.remote.AbstractRemoteTestNG.run(AbstractRemoteTestNG.java:115)
at org.testng.remote.RemoteTestNG.initAndRun(RemoteTestNG.java:251)
at org.testng.remote.RemoteTestNG.main(RemoteTestNG.java:77)
]]>
    </failure>
  </testcase> <!-- testHeaders -->
  <system-out/>
  <testcase classname="day3.HeadersDemo" name="getHeaders" time="0.481"/>
  <system-out/>
</testsuite> <!-- day3.HeadersDemo -->
